<?xml version="1.0" encoding="UTF-8"?>
<!-- Generated by org.testng.reporters.JUnitXMLReporter -->
<testsuite ignored="4" hostname="LAPTOP-4970KC2I" failures="0" tests="2" name="Test" time="3.746" errors="0" timestamp="2022-11-04T12:55:43 IST">
  <testcase classname="curdOperationUsingTDD.GetRequest1Test" name="getRequestTest" time="3.341"/>
  <testcase classname="curdOperationUsingTDD.GetRequest2Test" name="getRequestTest" time="0.28"/>
  <testcase classname="com.BaseClass.BaseClass" name="@AfterTest configureAT" time="0.0">
    <ignored/>
  </testcase> <!-- @AfterTest configureAT -->
  <testcase classname="com.BaseClass.BaseClass" name="@BeforeTest configureBT" time="0.0">
    <ignored/>
  </testcase> <!-- @BeforeTest configureBT -->
  <testcase classname="com.BaseClass.BaseClass" name="@AfterSuite configureAS" time="0.0">
    <ignored/>
  </testcase> <!-- @AfterSuite configureAS -->
  <testcase classname="com.BaseClass.BaseClass" name="@BeforeSuite configureBS" time="0.0">
    <ignored/>
  </testcase> <!-- @BeforeSuite configureBS -->
</testsuite> <!-- Test -->
