<?xml version="1.0" encoding="UTF-8"?>
<testng-results ignored="0" total="1" passed="1" failed="0" skipped="0">
  <reporter-output>
  </reporter-output>
  <suite started-at="2022-11-04T13:19:23 IST" name="Default suite" finished-at="2022-11-04T13:19:26 IST" duration-ms="2708">
    <groups>
    </groups>
    <test started-at="2022-11-04T13:19:23 IST" name="Default test" finished-at="2022-11-04T13:19:26 IST" duration-ms="2708">
      <class name="curdOperationUsingTDD.DeleteRequestTest">
        <test-method is-config="true" signature="configureBS()[pri:0, instance:curdOperationUsingTDD.DeleteRequestTest@7e5afaa6]" started-at="2022-11-04T13:19:23 IST" name="configureBS" finished-at="2022-11-04T13:19:23 IST" duration-ms="13" status="PASS">
          <reporter-output>
          </reporter-output>
        </test-method> <!-- configureBS -->
        <test-method is-config="true" signature="configureBT()[pri:0, instance:curdOperationUsingTDD.DeleteRequestTest@7e5afaa6]" started-at="2022-11-04T13:19:23 IST" name="configureBT" finished-at="2022-11-04T13:19:23 IST" duration-ms="1" status="PASS">
          <reporter-output>
          </reporter-output>
        </test-method> <!-- configureBT -->
        <test-method is-config="true" signature="configureBC()[pri:0, instance:curdOperationUsingTDD.DeleteRequestTest@7e5afaa6]" started-at="2022-11-04T13:19:23 IST" name="configureBC" finished-at="2022-11-04T13:19:23 IST" duration-ms="2" status="PASS">
          <reporter-output>
          </reporter-output>
        </test-method> <!-- configureBC -->
        <test-method is-config="true" signature="configureBM()[pri:0, instance:curdOperationUsingTDD.DeleteRequestTest@7e5afaa6]" started-at="2022-11-04T13:19:23 IST" name="configureBM" finished-at="2022-11-04T13:19:23 IST" duration-ms="0" status="PASS">
          <reporter-output>
          </reporter-output>
        </test-method> <!-- configureBM -->
        <test-method signature="DeleteRequestTest()[pri:0, instance:curdOperationUsingTDD.DeleteRequestTest@7e5afaa6]" started-at="2022-11-04T13:19:23 IST" name="DeleteRequestTest" finished-at="2022-11-04T13:19:26 IST" duration-ms="2635" status="PASS">
          <reporter-output>
          </reporter-output>
        </test-method> <!-- DeleteRequestTest -->
        <test-method is-config="true" signature="configureAM()[pri:0, instance:curdOperationUsingTDD.DeleteRequestTest@7e5afaa6]" started-at="2022-11-04T13:19:26 IST" name="configureAM" finished-at="2022-11-04T13:19:26 IST" duration-ms="1" status="PASS">
          <reporter-output>
          </reporter-output>
        </test-method> <!-- configureAM -->
        <test-method is-config="true" signature="configureAC()[pri:0, instance:curdOperationUsingTDD.DeleteRequestTest@7e5afaa6]" started-at="2022-11-04T13:19:26 IST" name="configureAC" finished-at="2022-11-04T13:19:26 IST" duration-ms="1" status="PASS">
          <reporter-output>
          </reporter-output>
        </test-method> <!-- configureAC -->
        <test-method is-config="true" signature="configureAT()[pri:0, instance:curdOperationUsingTDD.DeleteRequestTest@7e5afaa6]" started-at="2022-11-04T13:19:26 IST" name="configureAT" finished-at="2022-11-04T13:19:26 IST" duration-ms="5" status="PASS">
          <reporter-output>
          </reporter-output>
        </test-method> <!-- configureAT -->
        <test-method is-config="true" signature="configureAS()[pri:0, instance:curdOperationUsingTDD.DeleteRequestTest@7e5afaa6]" started-at="2022-11-04T13:19:26 IST" name="configureAS" finished-at="2022-11-04T13:19:26 IST" duration-ms="2" status="PASS">
          <reporter-output>
          </reporter-output>
        </test-method> <!-- configureAS -->
      </class> <!-- curdOperationUsingTDD.DeleteRequestTest -->
    </test> <!-- Default test -->
  </suite> <!-- Default suite -->
</testng-results>
