<?xml version="1.0" encoding="UTF-8"?>
<testng-results ignored="0" total="5" passed="5" failed="0" skipped="0">
  <reporter-output>
  </reporter-output>
  <suite started-at="2022-11-04T15:37:38 IST" name="Default suite" finished-at="2022-11-04T15:37:47 IST" duration-ms="8895">
    <groups>
      <group name="cucumber">
        <method signature="AbstractTestNGCucumberTests.runScenario(io.cucumber.testng.PickleWrapper,io.cucumber.testng.FeatureWrapper)[pri:0, instance:runner.Runner@6da21078]" name="runScenario" class="io.cucumber.testng.AbstractTestNGCucumberTests"/>
      </group> <!-- cucumber -->
    </groups>
    <test started-at="2022-11-04T15:37:38 IST" name="Default test" finished-at="2022-11-04T15:37:47 IST" duration-ms="8895">
      <class name="runner.Runner">
        <test-method is-config="true" signature="setUpClass()[pri:0, instance:runner.Runner@6da21078]" started-at="2022-11-04T15:37:38 IST" name="setUpClass" finished-at="2022-11-04T15:37:41 IST" duration-ms="2529" status="PASS">
          <reporter-output>
          </reporter-output>
        </test-method> <!-- setUpClass -->
        <test-method signature="runScenario(io.cucumber.testng.PickleWrapper,io.cucumber.testng.FeatureWrapper)[pri:0, instance:runner.Runner@6da21078]" started-at="2022-11-04T15:37:41 IST" name="runScenario" description="Runs Cucumber Scenarios" data-provider="scenarios" finished-at="2022-11-04T15:37:44 IST" duration-ms="3056" status="PASS">
          <params>
            <param index="0">
              <value>
                <![CDATA["Delete Request to delete a user details by using ID in the Database"]]>
              </value>
            </param>
            <param index="1">
              <value>
                <![CDATA["Optional[Delete Request]"]]>
              </value>
            </param>
          </params>
          <reporter-output>
          </reporter-output>
        </test-method> <!-- runScenario -->
        <test-method signature="runScenario(io.cucumber.testng.PickleWrapper,io.cucumber.testng.FeatureWrapper)[pri:0, instance:runner.Runner@6da21078]" started-at="2022-11-04T15:37:44 IST" name="runScenario" description="Runs Cucumber Scenarios" data-provider="scenarios" finished-at="2022-11-04T15:37:45 IST" duration-ms="1452" status="PASS">
          <params>
            <param index="0">
              <value>
                <![CDATA["User want to get all the data by using api id"]]>
              </value>
            </param>
            <param index="1">
              <value>
                <![CDATA["Optional[Get Request]"]]>
              </value>
            </param>
          </params>
          <reporter-output>
          </reporter-output>
        </test-method> <!-- runScenario -->
        <test-method signature="runScenario(io.cucumber.testng.PickleWrapper,io.cucumber.testng.FeatureWrapper)[pri:0, instance:runner.Runner@6da21078]" started-at="2022-11-04T15:37:45 IST" name="runScenario" description="Runs Cucumber Scenarios" data-provider="scenarios" finished-at="2022-11-04T15:37:46 IST" duration-ms="417" status="PASS">
          <params>
            <param index="0">
              <value>
                <![CDATA["User want to get the single data by using id"]]>
              </value>
            </param>
            <param index="1">
              <value>
                <![CDATA["Optional[GetByID Request]"]]>
              </value>
            </param>
          </params>
          <reporter-output>
          </reporter-output>
        </test-method> <!-- runScenario -->
        <test-method signature="runScenario(io.cucumber.testng.PickleWrapper,io.cucumber.testng.FeatureWrapper)[pri:0, instance:runner.Runner@6da21078]" started-at="2022-11-04T15:37:46 IST" name="runScenario" description="Runs Cucumber Scenarios" data-provider="scenarios" finished-at="2022-11-04T15:37:47 IST" duration-ms="1131" status="PASS">
          <params>
            <param index="0">
              <value>
                <![CDATA["User should be able to add the data into database."]]>
              </value>
            </param>
            <param index="1">
              <value>
                <![CDATA["Optional[Post Request]"]]>
              </value>
            </param>
          </params>
          <reporter-output>
          </reporter-output>
        </test-method> <!-- runScenario -->
        <test-method signature="runScenario(io.cucumber.testng.PickleWrapper,io.cucumber.testng.FeatureWrapper)[pri:0, instance:runner.Runner@6da21078]" started-at="2022-11-04T15:37:47 IST" name="runScenario" description="Runs Cucumber Scenarios" data-provider="scenarios" finished-at="2022-11-04T15:37:47 IST" duration-ms="85" status="PASS">
          <params>
            <param index="0">
              <value>
                <![CDATA["User wants to Update the data"]]>
              </value>
            </param>
            <param index="1">
              <value>
                <![CDATA["Optional[Put Request]"]]>
              </value>
            </param>
          </params>
          <reporter-output>
          </reporter-output>
        </test-method> <!-- runScenario -->
        <test-method is-config="true" signature="tearDownClass()[pri:0, instance:runner.Runner@6da21078]" started-at="2022-11-04T15:37:47 IST" name="tearDownClass" finished-at="2022-11-04T15:37:47 IST" duration-ms="120" status="PASS">
          <reporter-output>
          </reporter-output>
        </test-method> <!-- tearDownClass -->
      </class> <!-- runner.Runner -->
    </test> <!-- Default test -->
  </suite> <!-- Default suite -->
</testng-results>
